2022-08-10 22:54:36.253 [main] INFO 
                com.huatian.eduservice.EduApplication - Starting EduApplication on 192.168.1.8 with PID 2029 (/Users/wangweijie/guli/guli_parent/service/service_edu/target/classes started by wangweijie in /Users/wangweijie/guli/guli_parent)
2022-08-10 22:54:36.255 [main] INFO 
                com.huatian.eduservice.EduApplication - The following profiles are active: dev
2022-08-10 22:54:37.193 [main] INFO 
                o.s.d.r.config.RepositoryConfigurationDelegate - Multiple Spring Data modules found, entering strict repository configuration mode!
2022-08-10 22:54:37.195 [main] INFO 
                o.s.d.r.config.RepositoryConfigurationDelegate - Bootstrapping Spring Data Redis repositories in DEFAULT mode.
2022-08-10 22:54:37.225 [main] INFO 
                o.s.d.r.config.RepositoryConfigurationDelegate - Finished Spring Data repository scanning in 22ms. Found 0 Redis repository interfaces.
2022-08-10 22:54:37.699 [main] INFO 
                o.s.boot.web.embedded.tomcat.TomcatWebServer - Tomcat initialized with port(s): 8001 (http)
2022-08-10 22:54:37.705 [main] INFO 
                org.apache.coyote.http11.Http11NioProtocol - Initializing ProtocolHandler ["http-nio-8001"]
2022-08-10 22:54:37.706 [main] INFO 
                org.apache.catalina.core.StandardService - Starting service [Tomcat]
2022-08-10 22:54:37.706 [main] INFO 
                org.apache.catalina.core.StandardEngine - Starting Servlet engine: [Apache Tomcat/9.0.41]
2022-08-10 22:54:37.789 [main] INFO 
                o.a.c.core.ContainerBase.[Tomcat].[localhost].[/] - Initializing Spring embedded WebApplicationContext
2022-08-10 22:54:37.790 [main] INFO 
                o.s.b.w.s.c.ServletWebServerApplicationContext - Root WebApplicationContext: initialization completed in 1480 ms
2022-08-10 22:54:38.702 [main] INFO 
                s.d.s.w.PropertySourcedRequestMappingHandlerMapping - Mapped URL path [/v2/api-docs] onto method [springfox.documentation.swagger2.web.Swagger2Controller#getDocumentation(String, HttpServletRequest)]
2022-08-10 22:54:38.801 [main] INFO 
                o.s.scheduling.concurrent.ThreadPoolTaskExecutor - Initializing ExecutorService 'applicationTaskExecutor'
2022-08-10 22:54:39.370 [main] INFO 
                org.apache.coyote.http11.Http11NioProtocol - Starting ProtocolHandler ["http-nio-8001"]
2022-08-10 22:54:39.390 [main] INFO 
                o.s.boot.web.embedded.tomcat.TomcatWebServer - Tomcat started on port(s): 8001 (http) with context path ''
2022-08-10 22:54:39.391 [main] INFO 
                s.d.s.web.plugins.DocumentationPluginsBootstrapper - Context refreshed
2022-08-10 22:54:39.401 [main] INFO 
                s.d.s.web.plugins.DocumentationPluginsBootstrapper - Found 1 custom documentation plugin(s)
2022-08-10 22:54:39.421 [main] INFO 
                s.d.spring.web.scanners.ApiListingReferenceScanner - Scanning for api listing references
2022-08-10 22:54:39.601 [main] INFO 
                com.huatian.eduservice.EduApplication - Started EduApplication in 3.742 seconds (JVM running for 4.408)
2022-08-10 22:54:53.934 [SpringContextShutdownHook] INFO 
                o.s.scheduling.concurrent.ThreadPoolTaskExecutor - Shutting down ExecutorService 'applicationTaskExecutor'
2022-08-10 22:54:57.048 [main] INFO 
                com.huatian.eduservice.EduApplication - Starting EduApplication on 192.168.1.8 with PID 2037 (/Users/wangweijie/guli/guli_parent/service/service_edu/target/classes started by wangweijie in /Users/wangweijie/guli/guli_parent)
2022-08-10 22:54:57.050 [main] INFO 
                com.huatian.eduservice.EduApplication - The following profiles are active: dev
2022-08-10 22:54:58.206 [main] INFO 
                o.s.d.r.config.RepositoryConfigurationDelegate - Multiple Spring Data modules found, entering strict repository configuration mode!
2022-08-10 22:54:58.208 [main] INFO 
                o.s.d.r.config.RepositoryConfigurationDelegate - Bootstrapping Spring Data Redis repositories in DEFAULT mode.
2022-08-10 22:54:58.244 [main] INFO 
                o.s.d.r.config.RepositoryConfigurationDelegate - Finished Spring Data repository scanning in 25ms. Found 0 Redis repository interfaces.
2022-08-10 22:54:58.756 [main] INFO 
                o.s.boot.web.embedded.tomcat.TomcatWebServer - Tomcat initialized with port(s): 8001 (http)
2022-08-10 22:54:58.763 [main] INFO 
                org.apache.coyote.http11.Http11NioProtocol - Initializing ProtocolHandler ["http-nio-8001"]
2022-08-10 22:54:58.764 [main] INFO 
                org.apache.catalina.core.StandardService - Starting service [Tomcat]
2022-08-10 22:54:58.764 [main] INFO 
                org.apache.catalina.core.StandardEngine - Starting Servlet engine: [Apache Tomcat/9.0.41]
2022-08-10 22:54:58.838 [main] INFO 
                o.a.c.core.ContainerBase.[Tomcat].[localhost].[/] - Initializing Spring embedded WebApplicationContext
2022-08-10 22:54:58.840 [main] INFO 
                o.s.b.w.s.c.ServletWebServerApplicationContext - Root WebApplicationContext: initialization completed in 1699 ms
2022-08-10 22:54:59.756 [main] INFO 
                s.d.s.w.PropertySourcedRequestMappingHandlerMapping - Mapped URL path [/v2/api-docs] onto method [springfox.documentation.swagger2.web.Swagger2Controller#getDocumentation(String, HttpServletRequest)]
2022-08-10 22:54:59.860 [main] INFO 
                o.s.scheduling.concurrent.ThreadPoolTaskExecutor - Initializing ExecutorService 'applicationTaskExecutor'
2022-08-10 22:55:00.336 [main] INFO 
                org.apache.coyote.http11.Http11NioProtocol - Starting ProtocolHandler ["http-nio-8001"]
2022-08-10 22:55:00.356 [main] INFO 
                o.s.boot.web.embedded.tomcat.TomcatWebServer - Tomcat started on port(s): 8001 (http) with context path ''
2022-08-10 22:55:00.357 [main] INFO 
                s.d.s.web.plugins.DocumentationPluginsBootstrapper - Context refreshed
2022-08-10 22:55:00.368 [main] INFO 
                s.d.s.web.plugins.DocumentationPluginsBootstrapper - Found 1 custom documentation plugin(s)
2022-08-10 22:55:00.386 [main] INFO 
                s.d.spring.web.scanners.ApiListingReferenceScanner - Scanning for api listing references
2022-08-10 22:55:00.531 [main] INFO 
                com.huatian.eduservice.EduApplication - Started EduApplication in 3.898 seconds (JVM running for 4.642)
2022-08-10 22:58:28.771 [SpringContextShutdownHook] INFO 
                o.s.scheduling.concurrent.ThreadPoolTaskExecutor - Shutting down ExecutorService 'applicationTaskExecutor'
2022-08-10 22:58:33.457 [main] INFO 
                com.huatian.eduservice.EduApplication - Starting EduApplication on 192.168.1.8 with PID 2049 (/Users/wangweijie/guli/guli_parent/service/service_edu/target/classes started by wangweijie in /Users/wangweijie/guli/guli_parent)
2022-08-10 22:58:33.459 [main] INFO 
                com.huatian.eduservice.EduApplication - The following profiles are active: dev
2022-08-10 22:58:34.551 [main] INFO 
                o.s.d.r.config.RepositoryConfigurationDelegate - Multiple Spring Data modules found, entering strict repository configuration mode!
2022-08-10 22:58:34.553 [main] INFO 
                o.s.d.r.config.RepositoryConfigurationDelegate - Bootstrapping Spring Data Redis repositories in DEFAULT mode.
2022-08-10 22:58:34.587 [main] INFO 
                o.s.d.r.config.RepositoryConfigurationDelegate - Finished Spring Data repository scanning in 25ms. Found 0 Redis repository interfaces.
2022-08-10 22:58:35.116 [main] INFO 
                o.s.boot.web.embedded.tomcat.TomcatWebServer - Tomcat initialized with port(s): 8001 (http)
2022-08-10 22:58:35.124 [main] INFO 
                org.apache.coyote.http11.Http11NioProtocol - Initializing ProtocolHandler ["http-nio-8001"]
2022-08-10 22:58:35.124 [main] INFO 
                org.apache.catalina.core.StandardService - Starting service [Tomcat]
2022-08-10 22:58:35.125 [main] INFO 
                org.apache.catalina.core.StandardEngine - Starting Servlet engine: [Apache Tomcat/9.0.41]
2022-08-10 22:58:35.208 [main] INFO 
                o.a.c.core.ContainerBase.[Tomcat].[localhost].[/] - Initializing Spring embedded WebApplicationContext
2022-08-10 22:58:35.211 [main] INFO 
                o.s.b.w.s.c.ServletWebServerApplicationContext - Root WebApplicationContext: initialization completed in 1700 ms
2022-08-10 22:58:36.136 [main] INFO 
                s.d.s.w.PropertySourcedRequestMappingHandlerMapping - Mapped URL path [/v2/api-docs] onto method [springfox.documentation.swagger2.web.Swagger2Controller#getDocumentation(String, HttpServletRequest)]
2022-08-10 22:58:36.238 [main] INFO 
                o.s.scheduling.concurrent.ThreadPoolTaskExecutor - Initializing ExecutorService 'applicationTaskExecutor'
2022-08-10 22:58:36.686 [main] INFO 
                org.apache.coyote.http11.Http11NioProtocol - Starting ProtocolHandler ["http-nio-8001"]
2022-08-10 22:58:36.703 [main] INFO 
                o.s.boot.web.embedded.tomcat.TomcatWebServer - Tomcat started on port(s): 8001 (http) with context path ''
2022-08-10 22:58:36.704 [main] INFO 
                s.d.s.web.plugins.DocumentationPluginsBootstrapper - Context refreshed
2022-08-10 22:58:36.713 [main] INFO 
                s.d.s.web.plugins.DocumentationPluginsBootstrapper - Found 1 custom documentation plugin(s)
2022-08-10 22:58:36.728 [main] INFO 
                s.d.spring.web.scanners.ApiListingReferenceScanner - Scanning for api listing references
2022-08-10 22:58:36.865 [main] INFO 
                com.huatian.eduservice.EduApplication - Started EduApplication in 3.793 seconds (JVM running for 4.469)
2022-08-10 22:58:42.179 [http-nio-8001-exec-1] INFO 
                o.a.c.core.ContainerBase.[Tomcat].[localhost].[/] - Initializing Spring DispatcherServlet 'dispatcherServlet'
2022-08-10 22:58:42.180 [http-nio-8001-exec-1] INFO 
                org.springframework.web.servlet.DispatcherServlet - Initializing Servlet 'dispatcherServlet'
2022-08-10 22:58:42.192 [http-nio-8001-exec-1] INFO 
                org.springframework.web.servlet.DispatcherServlet - Completed initialization in 12 ms
2022-08-10 22:58:47.056 [http-nio-8001-exec-7] INFO 
                com.zaxxer.hikari.HikariDataSource - HikariPool-1 - Starting...
2022-08-10 22:58:47.404 [http-nio-8001-exec-7] INFO 
                com.zaxxer.hikari.HikariDataSource - HikariPool-1 - Start completed.
2022-08-10 23:42:37.647 [SpringContextShutdownHook] INFO 
                o.s.scheduling.concurrent.ThreadPoolTaskExecutor - Shutting down ExecutorService 'applicationTaskExecutor'
2022-08-10 23:42:37.652 [SpringContextShutdownHook] INFO 
                com.zaxxer.hikari.HikariDataSource - HikariPool-1 - Shutdown initiated...
2022-08-10 23:42:37.671 [SpringContextShutdownHook] INFO 
                com.zaxxer.hikari.HikariDataSource - HikariPool-1 - Shutdown completed.
